<?xml version="1.0" encoding="UTF-8"?>
<testsuite xmlns:xsi="http://www.w3.org/2001/XMLSchema-instance" xsi:noNamespaceSchemaLocation="https://maven.apache.org/surefire/maven-surefire-plugin/xsd/surefire-test-report-3.0.xsd" version="3.0" name="CtrlS.UpgradeManagerTest" time="1.344" tests="10" errors="0" skipped="0" failures="0">
  <properties>
[...]
</properties>
  <testcase name="testSetBulletDamage" classname="CtrlS.UpgradeManagerTest" time="1.303">
    <system-out><![CDATA[FileNotFound
FileNotFound
]]></system-out>
    <system-err><![CDATA[12월 03, 2024 8:30:34 오후 engine.FileManager loadUpgradeStatus
INFO: upgrade_status.properties not found. Loading default upgrade statuses.
12월 03, 2024 8:30:34 오후 engine.FileManager loadDefaultUpgradeStatus
WARNING: upgrade_default.properties not found. Using hardcoded default values.
]]></system-err>
  </testcase>
  <testcase name="testSetMovementSpeed" classname="CtrlS.UpgradeManagerTest" time="0.003"/>
  <testcase name="testSetBulletCount" classname="CtrlS.UpgradeManagerTest" time="0.002"/>
  <testcase name="testSetBulletSpeed" classname="CtrlS.UpgradeManagerTest" time="0.002"/>
  <testcase name="testGetMovementSpeed" classname="CtrlS.UpgradeManagerTest" time="0.002"/>
  <testcase name="testGetBulletCount" classname="CtrlS.UpgradeManagerTest" time="0.002"/>
  <testcase name="testGetBulletSpeed" classname="CtrlS.UpgradeManagerTest" time="0.001"/>
  <testcase name="testGetShipShoot360" classname="CtrlS.UpgradeManagerTest" time="0.001"/>
  <testcase name="testGetBulletDamage" classname="CtrlS.UpgradeManagerTest" time="0.002"/>
  <testcase name="testSetShipShoot360" classname="CtrlS.UpgradeManagerTest" time="0.002"/>
</testsuite>